<?xml version="1.0" encoding="UTF-8"?>
<!-- Generated by org.testng.reporters.JUnitXMLReporter -->
<testsuite ignored="0" hostname="DESKTOP-36922MI" failures="0" tests="3" name="Default test" time="114.664" errors="0" timestamp="2026-03-16T00:08:37 ICT">
  <testcase classname="org.vuquylong.eCommerce_tc_3_Hybrid" name="fillForm" time="48.313"/>
  <testcase classname="org.vuquylong.eCommerce_tc_3_Hybrid" name="fillForm" time="46.546"/>
  <testcase classname="org.vuquylong.eCommerce_tc_3_Hybrid" name="fillForm_ErrorValidation" time="11.226"/>
</testsuite> <!-- Default test -->
