<?xml version="1.0" encoding="UTF-8"?>
<!-- Generated by org.testng.reporters.JUnitXMLReporter -->
<testsuite ignored="0" hostname="DESKTOP-36922MI" failures="0" tests="3" name="Default test" time="126.473" errors="0" timestamp="2026-03-16T23:58:36 ICT">
  <testcase classname="org.vuquylong.eCommerce_tc_3_Hybrid" name="fillForm" time="53.117"/>
  <testcase classname="org.vuquylong.eCommerce_tc_3_Hybrid" name="fillForm" time="54.533"/>
  <testcase classname="org.vuquylong.eCommerce_tc_3_Hybrid" name="fillForm_ErrorValidation" time="11.357"/>
</testsuite> <!-- Default test -->
