<?xml version="1.0" encoding="UTF-8"?>
<!-- Generated by org.testng.reporters.JUnitXMLReporter -->
<testsuite ignored="0" hostname="DESKTOP-36922MI" failures="0" tests="2" name="End to end framework test" time="66.325" errors="0" timestamp="2026-03-15T21:31:52 ICT">
  <testcase classname="org.vuquylong.eCommerce_tc_3_Hybrid" name="fillForm" time="47.068"/>
  <testcase classname="org.vuquylong.eCommerce_tc_3_Hybrid" name="fillForm_ErrorValidation" time="11.037"/>
</testsuite> <!-- End to end framework test -->
