<?xml version="1.0" encoding="UTF-8"?>
<testng-results ignored="0" total="3" passed="3" failed="0" skipped="0">
  <reporter-output>
  </reporter-output>
  <suite started-at="2026-03-16T23:56:30 ICT" name="Default suite" finished-at="2026-03-16T23:58:36 ICT" duration-ms="126473">
    <groups>
    </groups>
    <test started-at="2026-03-16T23:56:30 ICT" name="Default test" finished-at="2026-03-16T23:58:36 ICT" duration-ms="126473">
      <class name="org.vuquylong.eCommerce_tc_3_Hybrid">
        <test-method is-config="true" signature="ConfigureAppium()[pri:0, instance:org.vuquylong.eCommerce_tc_3_Hybrid@229f66ed]" started-at="2026-03-16T23:56:30 ICT" name="ConfigureAppium" finished-at="2026-03-16T23:56:35 ICT" duration-ms="4955" status="PASS">
          <reporter-output>
          </reporter-output>
        </test-method> <!-- ConfigureAppium -->
        <test-method is-config="true" signature="preSetup()[pri:0, instance:org.vuquylong.eCommerce_tc_3_Hybrid@229f66ed]" started-at="2026-03-16T23:56:35 ICT" name="preSetup" finished-at="2026-03-16T23:56:35 ICT" duration-ms="629" status="PASS">
          <reporter-output>
          </reporter-output>
        </test-method> <!-- preSetup -->
        <test-method signature="fillForm(java.lang.String,java.lang.String,java.lang.String)[pri:0, instance:org.vuquylong.eCommerce_tc_3_Hybrid@229f66ed]" started-at="2026-03-16T23:56:35 ICT" name="fillForm" data-provider="getData" finished-at="2026-03-16T23:57:29 ICT" duration-ms="53117" status="PASS">
          <params>
            <param index="0">
              <value>
                <![CDATA[Vqlong]]>
              </value>
            </param>
            <param index="1">
              <value>
                <![CDATA[male]]>
              </value>
            </param>
            <param index="2">
              <value>
                <![CDATA[Argentina]]>
              </value>
            </param>
          </params>
          <reporter-output>
          </reporter-output>
        </test-method> <!-- fillForm -->
        <test-method is-config="true" signature="resetToNative()[pri:0, instance:org.vuquylong.eCommerce_tc_3_Hybrid@229f66ed]" started-at="2026-03-16T23:57:29 ICT" name="resetToNative" finished-at="2026-03-16T23:57:29 ICT" duration-ms="4" status="PASS">
          <reporter-output>
          </reporter-output>
        </test-method> <!-- resetToNative -->
        <test-method is-config="true" signature="preSetup()[pri:0, instance:org.vuquylong.eCommerce_tc_3_Hybrid@229f66ed]" started-at="2026-03-16T23:57:29 ICT" name="preSetup" finished-at="2026-03-16T23:57:29 ICT" duration-ms="514" status="PASS">
          <reporter-output>
          </reporter-output>
        </test-method> <!-- preSetup -->
        <test-method signature="fillForm(java.lang.String,java.lang.String,java.lang.String)[pri:0, instance:org.vuquylong.eCommerce_tc_3_Hybrid@229f66ed]" started-at="2026-03-16T23:57:29 ICT" name="fillForm" data-provider="getData" finished-at="2026-03-16T23:58:24 ICT" duration-ms="54533" status="PASS">
          <params>
            <param index="0">
              <value>
                <![CDATA[Ly Long]]>
              </value>
            </param>
            <param index="1">
              <value>
                <![CDATA[male]]>
              </value>
            </param>
            <param index="2">
              <value>
                <![CDATA[Argentina]]>
              </value>
            </param>
          </params>
          <reporter-output>
          </reporter-output>
        </test-method> <!-- fillForm -->
        <test-method is-config="true" signature="resetToNative()[pri:0, instance:org.vuquylong.eCommerce_tc_3_Hybrid@229f66ed]" started-at="2026-03-16T23:58:24 ICT" name="resetToNative" finished-at="2026-03-16T23:58:24 ICT" duration-ms="6" status="PASS">
          <reporter-output>
          </reporter-output>
        </test-method> <!-- resetToNative -->
        <test-method is-config="true" signature="preSetup()[pri:0, instance:org.vuquylong.eCommerce_tc_3_Hybrid@229f66ed]" started-at="2026-03-16T23:58:24 ICT" name="preSetup" finished-at="2026-03-16T23:58:24 ICT" duration-ms="519" status="PASS">
          <reporter-output>
          </reporter-output>
        </test-method> <!-- preSetup -->
        <test-method signature="fillForm_ErrorValidation()[pri:0, instance:org.vuquylong.eCommerce_tc_3_Hybrid@229f66ed]" started-at="2026-03-16T23:58:24 ICT" name="fillForm_ErrorValidation" finished-at="2026-03-16T23:58:36 ICT" duration-ms="11357" status="PASS">
          <reporter-output>
          </reporter-output>
        </test-method> <!-- fillForm_ErrorValidation -->
        <test-method is-config="true" signature="resetToNative()[pri:0, instance:org.vuquylong.eCommerce_tc_3_Hybrid@229f66ed]" started-at="2026-03-16T23:58:36 ICT" name="resetToNative" finished-at="2026-03-16T23:58:36 ICT" duration-ms="9" status="PASS">
          <reporter-output>
          </reporter-output>
        </test-method> <!-- resetToNative -->
        <test-method is-config="true" signature="endSession()[pri:0, instance:org.vuquylong.eCommerce_tc_3_Hybrid@229f66ed]" started-at="2026-03-16T23:58:36 ICT" name="endSession" finished-at="2026-03-16T23:58:36 ICT" duration-ms="785" status="PASS">
          <reporter-output>
          </reporter-output>
        </test-method> <!-- endSession -->
      </class> <!-- org.vuquylong.eCommerce_tc_3_Hybrid -->
    </test> <!-- Default test -->
  </suite> <!-- Default suite -->
</testng-results>
