<?xml version="1.0" encoding="UTF-8"?>
<!-- Generated by org.testng.reporters.JUnitReportReporter -->
<testsuite hostname="DESKTOP-36922MI" failures="0" tests="3" name="org.vuquylong.eCommerce_tc_3_Hybrid" time="108.817" errors="0" timestamp="2026-03-16T00:08:37 ICT" skipped="0">
  <testcase classname="org.vuquylong.eCommerce_tc_3_Hybrid" name="fillForm_ErrorValidation" time="11.787"/>
  <testcase classname="org.vuquylong.eCommerce_tc_3_Hybrid" name="fillForm" time="49.367"/>
  <testcase classname="org.vuquylong.eCommerce_tc_3_Hybrid" name="fillForm" time="47.663"/>
</testsuite> <!-- org.vuquylong.eCommerce_tc_3_Hybrid -->
