<?xml version="1.0" encoding="UTF-8"?>
<!-- Generated by org.testng.reporters.JUnitReportReporter -->
<testsuite hostname="DESKTOP-36922MI" failures="0" tests="3" name="org.vuquylong.eCommerce_tc_3_Hybrid" time="120.688" errors="0" timestamp="2026-03-16T23:58:36 ICT" skipped="0">
  <testcase classname="org.vuquylong.eCommerce_tc_3_Hybrid" name="fillForm" time="53.642"/>
  <testcase classname="org.vuquylong.eCommerce_tc_3_Hybrid" name="fillForm" time="55.166"/>
  <testcase classname="org.vuquylong.eCommerce_tc_3_Hybrid" name="fillForm_ErrorValidation" time="11.880"/>
</testsuite> <!-- org.vuquylong.eCommerce_tc_3_Hybrid -->
